<?xml version="1.0" encoding="UTF-8"?>
<!-- Generated by org.testng.reporters.JUnitXMLReporter -->
<testsuite hostname="IMPUMA-LTP-MLUNGISI" ignored="0" name="Default test" tests="3" failures="0" timestamp="2020-06-02T17:05:37 CAT" time="32.89" errors="0">
  <testcase name="verify_if_homepage_is_displayed" time="16.137" classname="MobileEngine.APN_Tests"/>
  <testcase name="select_menu" time="2.027" classname="MobileEngine.APN_Tests"/>
  <testcase name="unsuccessfulLogin" time="5.111" classname="MobileEngine.APN_Tests"/>
</testsuite> <!-- Default test -->
